<?xml version="1.0" encoding="UTF-8"?>
<testsuite xmlns:xsi="http://www.w3.org/2001/XMLSchema-instance" xsi:noNamespaceSchemaLocation="https://maven.apache.org/surefire/maven-surefire-plugin/xsd/surefire-test-report-3.0.xsd" version="3.0" name="com.concurent_MoneyTransfert.MoneyTransfert.MoneyTransfertApplicationTests" time="7.225" tests="1" errors="0" skipped="0" failures="0">
  <properties>
[...]
</properties>
  <testcase name="contextLoads" classname="com.concurent_MoneyTransfert.MoneyTransfert.MoneyTransfertApplicationTests" time="0.599">
    <system-out><![CDATA[21:43:50.392 [main] INFO org.springframework.test.context.support.AnnotationConfigContextLoaderUtils -- Could not detect default configuration classes for test class [com.concurent_MoneyTransfert.MoneyTransfert.MoneyTransfertApplicationTests]: MoneyTransfertApplicationTests does not declare any static, non-private, non-final, nested classes annotated with @Configuration.
21:43:50.569 [main] INFO org.springframework.boot.test.context.SpringBootTestContextBootstrapper -- Found @SpringBootConfiguration com.concurent_MoneyTransfert.MoneyTransfert.MoneyTransfertApplication for test class com.concurent_MoneyTransfert.MoneyTransfert.MoneyTransfertApplicationTests
21:43:50.801 [main] INFO org.springframework.boot.devtools.restart.RestartApplicationListener -- Restart disabled due to context in which it is running

  .   ____          _            __ _ _
 /\\ / ___'_ __ _ _(_)_ __  __ _ \ \ \ \
( ( )\___ | '_ | '_| | '_ \/ _` | \ \ \ \
 \\/  ___)| |_)| | | | | || (_| |  ) ) ) )
  '  |____| .__|_| |_|_| |_\__, | / / / /
 =========|_|==============|___/=/_/_/_/

 :: Spring Boot ::                (v3.3.5)

2024-11-10T21:43:51.184+01:00  INFO 185268 --- [MoneyTransfert] [           main] c.c.M.MoneyTransfertApplicationTests     : Starting MoneyTransfertApplicationTests using Java 17.0.12 with PID 185268 (started by amadou in /home/amadou/Documents/intellij-workspace/concurent-MoneyTransfert)
2024-11-10T21:43:51.189+01:00  INFO 185268 --- [MoneyTransfert] [           main] c.c.M.MoneyTransfertApplicationTests     : No active profile set, falling back to 1 default profile: "default"
2024-11-10T21:43:52.268+01:00  INFO 185268 --- [MoneyTransfert] [           main] .s.d.r.c.RepositoryConfigurationDelegate : Bootstrapping Spring Data JPA repositories in DEFAULT mode.
2024-11-10T21:43:52.349+01:00  INFO 185268 --- [MoneyTransfert] [           main] .s.d.r.c.RepositoryConfigurationDelegate : Finished Spring Data repository scanning in 70 ms. Found 1 JPA repository interface.
2024-11-10T21:43:53.112+01:00  INFO 185268 --- [MoneyTransfert] [           main] o.hibernate.jpa.internal.util.LogHelper  : HHH000204: Processing PersistenceUnitInfo [name: default]
2024-11-10T21:43:53.186+01:00  INFO 185268 --- [MoneyTransfert] [           main] org.hibernate.Version                    : HHH000412: Hibernate ORM core version 6.5.3.Final
2024-11-10T21:43:53.234+01:00  INFO 185268 --- [MoneyTransfert] [           main] o.h.c.internal.RegionFactoryInitiator    : HHH000026: Second-level cache disabled
2024-11-10T21:43:53.714+01:00  INFO 185268 --- [MoneyTransfert] [           main] o.s.o.j.p.SpringPersistenceUnitInfo      : No LoadTimeWeaver setup: ignoring JPA class transformer
2024-11-10T21:43:53.763+01:00  INFO 185268 --- [MoneyTransfert] [           main] com.zaxxer.hikari.HikariDataSource       : HikariPool-1 - Starting...
2024-11-10T21:43:54.285+01:00  INFO 185268 --- [MoneyTransfert] [           main] com.zaxxer.hikari.pool.HikariPool        : HikariPool-1 - Added connection org.postgresql.jdbc.PgConnection@5a39e554
2024-11-10T21:43:54.288+01:00  INFO 185268 --- [MoneyTransfert] [           main] com.zaxxer.hikari.HikariDataSource       : HikariPool-1 - Start completed.
2024-11-10T21:43:54.330+01:00  WARN 185268 --- [MoneyTransfert] [           main] org.hibernate.orm.deprecation            : HHH90000025: PostgreSQLDialect does not need to be specified explicitly using 'hibernate.dialect' (remove the property setting and it will be selected by default)
2024-11-10T21:43:55.452+01:00  INFO 185268 --- [MoneyTransfert] [           main] o.h.e.t.j.p.i.JtaPlatformInitiator       : HHH000489: No JTA platform available (set 'hibernate.transaction.jta.platform' to enable JTA platform integration)
2024-11-10T21:43:55.521+01:00  INFO 185268 --- [MoneyTransfert] [           main] j.LocalContainerEntityManagerFactoryBean : Initialized JPA EntityManagerFactory for persistence unit 'default'
2024-11-10T21:43:56.183+01:00  WARN 185268 --- [MoneyTransfert] [           main] JpaBaseConfiguration$JpaWebConfiguration : spring.jpa.open-in-view is enabled by default. Therefore, database queries may be performed during view rendering. Explicitly configure spring.jpa.open-in-view to disable this warning
2024-11-10T21:43:56.729+01:00  INFO 185268 --- [MoneyTransfert] [           main] c.c.M.MoneyTransfertApplicationTests     : Started MoneyTransfertApplicationTests in 5.944 seconds (process running for 7.596)
]]></system-out>
  </testcase>
</testsuite>